22:06:20 **** Rebuild of configuration Debug for project HelloCANSI ****
Info: Internal Builder is used for build
gcc -O0 -g3 -Wall -c -fmessage-length=0 -o "src\\HelloCANSI.o" "..\\src\\HelloCANSI.c" 
gcc -o HelloCANSI.exe "src\\HelloCANSI.o" 

22:06:20 Build Finished (took 673ms)

Info: Nothing to build for HelloCANSI
22:29:56 **** Rebuild of configuration Debug for project HelloCANSI ****
Info: Internal Builder is used for build
gcc -O0 -g3 -Wall -c -fmessage-length=0 -o "src\\HelloCANSI.o" "..\\src\\HelloCANSI.c" 
..\src\HelloCANSI.c: In function 'main':
..\src\HelloCANSI.c:19:1: warning: control reaches end of non-void function [-Wreturn-type]
 }
 ^
gcc -o HelloCANSI.exe "src\\HelloCANSI.o" 
22:30:25 **** Incremental Build of configuration Debug for project HelloCANSI ****
Info: Internal Builder is used for build
gcc -O0 -g3 -Wall -c -fmessage-length=0 -o "src\\HelloCANSI.o" "..\\src\\HelloCANSI.c" 
gcc -o HelloCANSI.exe "src\\HelloCANSI.o" 
22:32:32 **** Incremental Build of configuration Debug for project HelloCANSI ****
Info: Internal Builder is used for build
gcc -O0 -g3 -Wall -c -fmessage-length=0 -o "src\\HelloCANSI.o" "..\\src\\HelloCANSI.c" 
..\src\HelloCANSI.c: In function 'main':
..\src\HelloCANSI.c:17:1: warning: control reaches end of non-void function [-Wreturn-type]
 }
 ^
gcc -o HelloCANSI.exe "src\\HelloCANSI.o" 
22:33:19 **** Incremental Build of configuration Debug for project HelloCANSI ****
Info: Internal Builder is used for build
gcc -O0 -g3 -Wall -c -fmessage-length=0 -o "src\\HelloCANSI.o" "..\\src\\HelloCANSI.c" 
..\src\HelloCANSI.c: In function 'main':
..\src\HelloCANSI.c:17:1: warning: control reaches end of non-void function [-Wreturn-type]
 }
 ^
gcc -o HelloCANSI.exe "src\\HelloCANSI.o" 
22:33:53 **** Incremental Build of configuration Debug for project HelloCANSI ****
Info: Internal Builder is used for build
gcc -O0 -g3 -Wall -c -fmessage-length=0 -o "src\\HelloCANSI.o" "..\\src\\HelloCANSI.c" 
..\src\HelloCANSI.c: In function 'main':
..\src\HelloCANSI.c:15:2: warning: embedded '\0' in format [-Wformat-contains-nul]
  printf("\000");
  ^
..\src\HelloCANSI.c:17:1: warning: control reaches end of non-void function [-Wreturn-type]
 }
 ^
gcc -o HelloCANSI.exe "src\\HelloCANSI.o" 
22:34:17 **** Incremental Build of configuration Debug for project HelloCANSI ****
Info: Internal Builder is used for build
gcc -O0 -g3 -Wall -c -fmessage-length=0 -o "src\\HelloCANSI.o" "..\\src\\HelloCANSI.c" 
gcc -o HelloCANSI.exe "src\\HelloCANSI.o" 
22:36:35 **** Incremental Build of configuration Debug for project HelloCANSI ****
Info: Internal Builder is used for build
gcc -O0 -g3 -Wall -c -fmessage-length=0 -o "src\\HelloCANSI.o" "..\\src\\HelloCANSI.c" 
gcc -o HelloCANSI.exe "src\\HelloCANSI.o" 
22:38:44 **** Incremental Build of configuration Debug for project HelloCANSI ****
Info: Internal Builder is used for build
gcc -O0 -g3 -Wall -c -fmessage-length=0 -o "src\\HelloCANSI.o" "..\\src\\HelloCANSI.c" 
gcc -o HelloCANSI.exe "src\\HelloCANSI.o" 
22:39:02 **** Incremental Build of configuration Debug for project HelloCANSI ****
Info: Internal Builder is used for build
gcc -O0 -g3 -Wall -c -fmessage-length=0 -o "src\\HelloCANSI.o" "..\\src\\HelloCANSI.c" 
gcc -o HelloCANSI.exe "src\\HelloCANSI.o" 
22:39:12 **** Incremental Build of configuration Debug for project HelloCANSI ****
Info: Internal Builder is used for build
gcc -O0 -g3 -Wall -c -fmessage-length=0 -o "src\\HelloCANSI.o" "..\\src\\HelloCANSI.c" 
gcc -o HelloCANSI.exe "src\\HelloCANSI.o" 
